[0.816s] DEBUG:colcon:Command line arguments: ['/usr/bin/colcon', 'build']
[0.816s] DEBUG:colcon:Parsed command line arguments: Namespace(log_base=None, log_level=None, verb_name='build', build_base='build', install_base='install', merge_install=False, symlink_install=False, test_result_base=None, continue_on_error=False, executor='parallel', parallel_workers=8, event_handlers=None, ignore_user_meta=False, metas=['./colcon.meta'], base_paths=['.'], packages_ignore=None, packages_ignore_regex=None, paths=None, packages_up_to=None, packages_up_to_regex=None, packages_above=None, packages_above_and_dependencies=None, packages_above_depth=None, packages_select_by_dep=None, packages_skip_by_dep=None, packages_skip_up_to=None, packages_select_build_failed=False, packages_skip_build_finished=False, packages_select_test_failures=False, packages_skip_test_passed=False, packages_select=None, packages_skip=None, packages_select_regex=None, packages_skip_regex=None, packages_start=None, packages_end=None, allow_overriding=[], cmake_args=None, cmake_target=None, cmake_target_skip_unavailable=False, cmake_clean_cache=False, cmake_clean_first=False, cmake_force_configure=False, ament_cmake_args=None, catkin_cmake_args=None, catkin_skip_building_tests=False, verb_parser=<colcon_defaults.argument_parser.defaults.DefaultArgumentsDecorator object at 0x7f7da749d8a0>, verb_extension=<colcon_core.verb.build.BuildVerb object at 0x7f7da749caf0>, main=<bound method BuildVerb.main of <colcon_core.verb.build.BuildVerb object at 0x7f7da749caf0>>)
[0.858s] Level 1:colcon.colcon_core.package_discovery:discover_packages(colcon_meta) check parameters
[0.859s] Level 1:colcon.colcon_core.package_discovery:discover_packages(recursive) check parameters
[0.859s] Level 1:colcon.colcon_core.package_discovery:discover_packages(ignore) check parameters
[0.859s] Level 1:colcon.colcon_core.package_discovery:discover_packages(path) check parameters
[0.859s] Level 1:colcon.colcon_core.package_discovery:discover_packages(colcon_meta) discover
[0.859s] Level 1:colcon.colcon_core.package_discovery:discover_packages(recursive) discover
[0.859s] INFO:colcon.colcon_core.package_discovery:Crawling recursively for packages in '/home/wyatt/ros2_ws'
[0.859s] Level 1:colcon.colcon_core.package_identification:_identify(.) by extensions ['ignore', 'ignore_ament_install']
[0.859s] Level 1:colcon.colcon_core.package_identification:_identify(.) by extension 'ignore'
[0.859s] Level 1:colcon.colcon_core.package_identification:_identify(.) by extension 'ignore_ament_install'
[0.860s] Level 1:colcon.colcon_core.package_identification:_identify(.) by extensions ['colcon_pkg']
[0.860s] Level 1:colcon.colcon_core.package_identification:_identify(.) by extension 'colcon_pkg'
[0.860s] Level 1:colcon.colcon_core.package_identification:_identify(.) by extensions ['colcon_meta']
[0.860s] Level 1:colcon.colcon_core.package_identification:_identify(.) by extension 'colcon_meta'
[0.860s] Level 1:colcon.colcon_core.package_identification:_identify(.) by extensions ['ros']
[0.860s] Level 1:colcon.colcon_core.package_identification:_identify(.) by extension 'ros'
[0.877s] Level 1:colcon.colcon_core.package_identification:_identify(.) by extensions ['cmake', 'python']
[0.877s] Level 1:colcon.colcon_core.package_identification:_identify(.) by extension 'cmake'
[0.877s] Level 1:colcon.colcon_core.package_identification:_identify(.) by extension 'python'
[0.877s] Level 1:colcon.colcon_core.package_identification:_identify(.) by extensions ['python_setup_py']
[0.877s] Level 1:colcon.colcon_core.package_identification:_identify(.) by extension 'python_setup_py'
[0.877s] Level 1:colcon.colcon_core.package_identification:_identify(build) by extensions ['ignore', 'ignore_ament_install']
[0.878s] Level 1:colcon.colcon_core.package_identification:_identify(build) by extension 'ignore'
[0.878s] Level 1:colcon.colcon_core.package_identification:_identify(build) ignored
[0.878s] Level 1:colcon.colcon_core.package_identification:_identify(install) by extensions ['ignore', 'ignore_ament_install']
[0.878s] Level 1:colcon.colcon_core.package_identification:_identify(install) by extension 'ignore'
[0.878s] Level 1:colcon.colcon_core.package_identification:_identify(install) ignored
[0.878s] Level 1:colcon.colcon_core.package_identification:_identify(log) by extensions ['ignore', 'ignore_ament_install']
[0.878s] Level 1:colcon.colcon_core.package_identification:_identify(log) by extension 'ignore'
[0.879s] Level 1:colcon.colcon_core.package_identification:_identify(log) ignored
[0.879s] Level 1:colcon.colcon_core.package_identification:_identify(src) by extensions ['ignore', 'ignore_ament_install']
[0.879s] Level 1:colcon.colcon_core.package_identification:_identify(src) by extension 'ignore'
[0.879s] Level 1:colcon.colcon_core.package_identification:_identify(src) by extension 'ignore_ament_install'
[0.879s] Level 1:colcon.colcon_core.package_identification:_identify(src) by extensions ['colcon_pkg']
[0.879s] Level 1:colcon.colcon_core.package_identification:_identify(src) by extension 'colcon_pkg'
[0.879s] Level 1:colcon.colcon_core.package_identification:_identify(src) by extensions ['colcon_meta']
[0.879s] Level 1:colcon.colcon_core.package_identification:_identify(src) by extension 'colcon_meta'
[0.879s] Level 1:colcon.colcon_core.package_identification:_identify(src) by extensions ['ros']
[0.879s] Level 1:colcon.colcon_core.package_identification:_identify(src) by extension 'ros'
[0.879s] Level 1:colcon.colcon_core.package_identification:_identify(src) by extensions ['cmake', 'python']
[0.880s] Level 1:colcon.colcon_core.package_identification:_identify(src) by extension 'cmake'
[0.880s] Level 1:colcon.colcon_core.package_identification:_identify(src) by extension 'python'
[0.880s] Level 1:colcon.colcon_core.package_identification:_identify(src) by extensions ['python_setup_py']
[0.880s] Level 1:colcon.colcon_core.package_identification:_identify(src) by extension 'python_setup_py'
[0.880s] Level 1:colcon.colcon_core.package_identification:_identify(src/herding_v1_package) by extensions ['ignore', 'ignore_ament_install']
[0.880s] Level 1:colcon.colcon_core.package_identification:_identify(src/herding_v1_package) by extension 'ignore'
[0.881s] Level 1:colcon.colcon_core.package_identification:_identify(src/herding_v1_package) by extension 'ignore_ament_install'
[0.881s] Level 1:colcon.colcon_core.package_identification:_identify(src/herding_v1_package) by extensions ['colcon_pkg']
[0.881s] Level 1:colcon.colcon_core.package_identification:_identify(src/herding_v1_package) by extension 'colcon_pkg'
[0.881s] Level 1:colcon.colcon_core.package_identification:_identify(src/herding_v1_package) by extensions ['colcon_meta']
[0.881s] Level 1:colcon.colcon_core.package_identification:_identify(src/herding_v1_package) by extension 'colcon_meta'
[0.881s] Level 1:colcon.colcon_core.package_identification:_identify(src/herding_v1_package) by extensions ['ros']
[0.881s] Level 1:colcon.colcon_core.package_identification:_identify(src/herding_v1_package) by extension 'ros'
[0.884s] DEBUG:colcon.colcon_core.package_identification:Package 'src/herding_v1_package' with type 'ros.ament_python' and name 'herding_v1_package'
[0.884s] Level 1:colcon.colcon_core.package_discovery:discover_packages(recursive) using defaults
[0.884s] Level 1:colcon.colcon_core.package_discovery:discover_packages(ignore) discover
[0.884s] Level 1:colcon.colcon_core.package_discovery:discover_packages(ignore) using defaults
[0.884s] Level 1:colcon.colcon_core.package_discovery:discover_packages(path) discover
[0.884s] Level 1:colcon.colcon_core.package_discovery:discover_packages(path) using defaults
[0.959s] Level 1:colcon.colcon_core.package_discovery:discover_packages(prefix_path) check parameters
[0.960s] Level 1:colcon.colcon_core.package_discovery:discover_packages(prefix_path) discover
[0.983s] DEBUG:colcon.colcon_installed_package_information.package_discovery:Found 1 installed packages in /home/wyatt/ros2_ws/install
[0.999s] DEBUG:colcon.colcon_installed_package_information.package_discovery:Found 280 installed packages in /opt/ros/humble
[1.000s] Level 1:colcon.colcon_core.package_discovery:discover_packages(prefix_path) using defaults
[1.061s] Level 5:colcon.colcon_core.verb:set package 'herding_v1_package' build argument 'cmake_args' from command line to 'None'
[1.062s] Level 5:colcon.colcon_core.verb:set package 'herding_v1_package' build argument 'cmake_target' from command line to 'None'
[1.062s] Level 5:colcon.colcon_core.verb:set package 'herding_v1_package' build argument 'cmake_target_skip_unavailable' from command line to 'False'
[1.062s] Level 5:colcon.colcon_core.verb:set package 'herding_v1_package' build argument 'cmake_clean_cache' from command line to 'False'
[1.062s] Level 5:colcon.colcon_core.verb:set package 'herding_v1_package' build argument 'cmake_clean_first' from command line to 'False'
[1.062s] Level 5:colcon.colcon_core.verb:set package 'herding_v1_package' build argument 'cmake_force_configure' from command line to 'False'
[1.062s] Level 5:colcon.colcon_core.verb:set package 'herding_v1_package' build argument 'ament_cmake_args' from command line to 'None'
[1.062s] Level 5:colcon.colcon_core.verb:set package 'herding_v1_package' build argument 'catkin_cmake_args' from command line to 'None'
[1.062s] Level 5:colcon.colcon_core.verb:set package 'herding_v1_package' build argument 'catkin_skip_building_tests' from command line to 'False'
[1.062s] DEBUG:colcon.colcon_core.verb:Building package 'herding_v1_package' with the following arguments: {'ament_cmake_args': None, 'build_base': '/home/wyatt/ros2_ws/build/herding_v1_package', 'catkin_cmake_args': None, 'catkin_skip_building_tests': False, 'cmake_args': None, 'cmake_clean_cache': False, 'cmake_clean_first': False, 'cmake_force_configure': False, 'cmake_target': None, 'cmake_target_skip_unavailable': False, 'install_base': '/home/wyatt/ros2_ws/install/herding_v1_package', 'merge_install': False, 'path': '/home/wyatt/ros2_ws/src/herding_v1_package', 'symlink_install': False, 'test_result_base': None}
[1.070s] INFO:colcon.colcon_core.executor:Executing jobs using 'parallel' executor
[1.079s] DEBUG:colcon.colcon_parallel_executor.executor.parallel:run_until_complete
[1.079s] INFO:colcon.colcon_ros.task.ament_python.build:Building ROS package in '/home/wyatt/ros2_ws/src/herding_v1_package' with build type 'ament_python'
[1.079s] Level 1:colcon.colcon_core.shell:create_environment_hook('herding_v1_package', 'ament_prefix_path')
[1.105s] INFO:colcon.colcon_core.plugin_system:Skipping extension 'colcon_core.shell.bat': Not used on non-Windows systems
[1.106s] INFO:colcon.colcon_core.shell:Creating environment hook '/home/wyatt/ros2_ws/install/herding_v1_package/share/herding_v1_package/hook/ament_prefix_path.ps1'
[1.107s] INFO:colcon.colcon_core.shell:Creating environment descriptor '/home/wyatt/ros2_ws/install/herding_v1_package/share/herding_v1_package/hook/ament_prefix_path.dsv'
[1.107s] INFO:colcon.colcon_core.shell:Creating environment hook '/home/wyatt/ros2_ws/install/herding_v1_package/share/herding_v1_package/hook/ament_prefix_path.sh'
[1.117s] INFO:colcon.colcon_core.shell:Skip shell extension 'powershell' for command environment: Not usable outside of PowerShell
[1.117s] DEBUG:colcon.colcon_core.shell:Skip shell extension 'dsv' for command environment
[1.367s] INFO:colcon.colcon_core.task.python.build:Building Python package in '/home/wyatt/ros2_ws/src/herding_v1_package'
[1.377s] INFO:colcon.colcon_core.shell:Skip shell extension 'powershell' for command environment: Not usable outside of PowerShell
[1.377s] DEBUG:colcon.colcon_core.shell:Skip shell extension 'dsv' for command environment
[1.783s] DEBUG:colcon.colcon_core.event_handler.log_command:Invoking command in '/home/wyatt/ros2_ws/src/herding_v1_package': PYTHONPATH=/home/wyatt/ros2_ws/build/herding_v1_package/prefix_override:/home/wyatt/ros2_ws/install/herding_v1_package/lib/python3.10/site-packages:${PYTHONPATH} /usr/bin/python3 setup.py egg_info --egg-base ../../build/herding_v1_package build --build-base /home/wyatt/ros2_ws/build/herding_v1_package/build install --record /home/wyatt/ros2_ws/build/herding_v1_package/install.log --single-version-externally-managed
[2.036s] DEBUG:colcon.colcon_core.event_handler.log_command:Invoked command in '/home/wyatt/ros2_ws/src/herding_v1_package' returned '0': PYTHONPATH=/home/wyatt/ros2_ws/build/herding_v1_package/prefix_override:/home/wyatt/ros2_ws/install/herding_v1_package/lib/python3.10/site-packages:${PYTHONPATH} /usr/bin/python3 setup.py egg_info --egg-base ../../build/herding_v1_package build --build-base /home/wyatt/ros2_ws/build/herding_v1_package/build install --record /home/wyatt/ros2_ws/build/herding_v1_package/install.log --single-version-externally-managed
[2.051s] Level 1:colcon.colcon_core.environment:checking '/home/wyatt/ros2_ws/install/herding_v1_package' for CMake module files
[2.052s] Level 1:colcon.colcon_core.environment:checking '/home/wyatt/ros2_ws/install/herding_v1_package' for CMake config files
[2.055s] Level 1:colcon.colcon_core.environment:checking '/home/wyatt/ros2_ws/install/herding_v1_package/lib'
[2.055s] Level 1:colcon.colcon_core.environment:checking '/home/wyatt/ros2_ws/install/herding_v1_package/bin'
[2.055s] Level 1:colcon.colcon_core.environment:checking '/home/wyatt/ros2_ws/install/herding_v1_package/lib/pkgconfig/herding_v1_package.pc'
[2.056s] Level 1:colcon.colcon_core.environment:checking '/home/wyatt/ros2_ws/install/herding_v1_package/lib/python3.10/site-packages'
[2.056s] Level 1:colcon.colcon_core.shell:create_environment_hook('herding_v1_package', 'pythonpath')
[2.069s] INFO:colcon.colcon_core.shell:Creating environment hook '/home/wyatt/ros2_ws/install/herding_v1_package/share/herding_v1_package/hook/pythonpath.ps1'
[2.069s] INFO:colcon.colcon_core.shell:Creating environment descriptor '/home/wyatt/ros2_ws/install/herding_v1_package/share/herding_v1_package/hook/pythonpath.dsv'
[2.070s] INFO:colcon.colcon_core.shell:Creating environment hook '/home/wyatt/ros2_ws/install/herding_v1_package/share/herding_v1_package/hook/pythonpath.sh'
[2.070s] Level 1:colcon.colcon_core.environment:checking '/home/wyatt/ros2_ws/install/herding_v1_package/bin'
[2.070s] Level 1:colcon.colcon_core.environment:create_environment_scripts_only(herding_v1_package)
[2.091s] INFO:colcon.colcon_core.shell:Creating package script '/home/wyatt/ros2_ws/install/herding_v1_package/share/herding_v1_package/package.ps1'
[2.092s] INFO:colcon.colcon_core.shell:Creating package descriptor '/home/wyatt/ros2_ws/install/herding_v1_package/share/herding_v1_package/package.dsv'
[2.094s] INFO:colcon.colcon_core.shell:Creating package script '/home/wyatt/ros2_ws/install/herding_v1_package/share/herding_v1_package/package.sh'
[2.096s] INFO:colcon.colcon_core.shell:Creating package script '/home/wyatt/ros2_ws/install/herding_v1_package/share/herding_v1_package/package.bash'
[2.097s] INFO:colcon.colcon_core.shell:Creating package script '/home/wyatt/ros2_ws/install/herding_v1_package/share/herding_v1_package/package.zsh'
[2.098s] Level 1:colcon.colcon_core.environment:create_file_with_runtime_dependencies(/home/wyatt/ros2_ws/install/herding_v1_package/share/colcon-core/packages/herding_v1_package)
[2.099s] DEBUG:colcon.colcon_parallel_executor.executor.parallel:closing loop
[2.099s] DEBUG:colcon.colcon_parallel_executor.executor.parallel:loop closed
[2.099s] DEBUG:colcon.colcon_parallel_executor.executor.parallel:run_until_complete finished with '0'
[2.100s] DEBUG:colcon.colcon_core.event_reactor:joining thread
[2.121s] INFO:colcon.colcon_core.plugin_system:Skipping extension 'colcon_notification.desktop_notification.terminal_notifier': Not used on non-Darwin systems
[2.121s] INFO:colcon.colcon_core.plugin_system:Skipping extension 'colcon_notification.desktop_notification.win32': Not used on non-Windows systems
[2.121s] INFO:colcon.colcon_notification.desktop_notification:Sending desktop notification using 'notify2'
[2.133s] DEBUG:colcon.colcon_core.event_reactor:joined thread
[2.147s] INFO:colcon.colcon_core.shell:Creating prefix script '/home/wyatt/ros2_ws/install/local_setup.ps1'
[2.148s] INFO:colcon.colcon_core.shell:Creating prefix util module '/home/wyatt/ros2_ws/install/_local_setup_util_ps1.py'
[2.150s] INFO:colcon.colcon_core.shell:Creating prefix chain script '/home/wyatt/ros2_ws/install/setup.ps1'
[2.169s] INFO:colcon.colcon_core.shell:Creating prefix script '/home/wyatt/ros2_ws/install/local_setup.sh'
[2.170s] INFO:colcon.colcon_core.shell:Creating prefix util module '/home/wyatt/ros2_ws/install/_local_setup_util_sh.py'
[2.170s] INFO:colcon.colcon_core.shell:Creating prefix chain script '/home/wyatt/ros2_ws/install/setup.sh'
[2.188s] INFO:colcon.colcon_core.shell:Creating prefix script '/home/wyatt/ros2_ws/install/local_setup.bash'
[2.190s] INFO:colcon.colcon_core.shell:Creating prefix chain script '/home/wyatt/ros2_ws/install/setup.bash'
[2.208s] INFO:colcon.colcon_core.shell:Creating prefix script '/home/wyatt/ros2_ws/install/local_setup.zsh'
[2.209s] INFO:colcon.colcon_core.shell:Creating prefix chain script '/home/wyatt/ros2_ws/install/setup.zsh'
