[1.187s] Invoking command in '/home/wyatt/ros2_ws/build/herding_v1_package': PYTHONPATH=/home/wyatt/ros2_ws/build/herding_v1_package/prefix_override:/home/wyatt/ros2_ws/install/herding_v1_package/lib/python3.10/site-packages:${PYTHONPATH} /usr/bin/python3 setup.py develop --editable --build-directory /home/wyatt/ros2_ws/build/herding_v1_package/build --no-deps install_data
[1.588s] running develop
[1.591s] /usr/lib/python3/dist-packages/setuptools/command/easy_install.py:158: EasyInstallDeprecationWarning: easy_install command is deprecated. Use build and pip and other standards-based tools.
[1.591s]   warnings.warn(
[1.593s] /usr/lib/python3/dist-packages/setuptools/command/install.py:34: SetuptoolsDeprecationWarning: setup.py install is deprecated. Use build and pip and other standards-based tools.
[1.593s]   warnings.warn(
[1.836s] running egg_info
[1.836s] writing herding_v1_package.egg-info/PKG-INFO
[1.837s] writing dependency_links to herding_v1_package.egg-info/dependency_links.txt
[1.837s] writing entry points to herding_v1_package.egg-info/entry_points.txt
[1.838s] writing requirements to herding_v1_package.egg-info/requires.txt
[1.838s] writing top-level names to herding_v1_package.egg-info/top_level.txt
[1.840s] reading manifest file 'herding_v1_package.egg-info/SOURCES.txt'
[1.842s] writing manifest file 'herding_v1_package.egg-info/SOURCES.txt'
[1.843s] running build_ext
[1.843s] Creating /home/wyatt/ros2_ws/install/herding_v1_package/lib/python3.10/site-packages/herding-v1-package.egg-link (link to .)
[1.844s] Installing herding_node script to /home/wyatt/ros2_ws/install/herding_v1_package/lib/herding_v1_package
[1.845s] 
[1.845s] Installed /home/wyatt/ros2_ws/build/herding_v1_package
[1.845s] running install_data
[1.865s] Invoked command in '/home/wyatt/ros2_ws/build/herding_v1_package' returned '0': PYTHONPATH=/home/wyatt/ros2_ws/build/herding_v1_package/prefix_override:/home/wyatt/ros2_ws/install/herding_v1_package/lib/python3.10/site-packages:${PYTHONPATH} /usr/bin/python3 setup.py develop --editable --build-directory /home/wyatt/ros2_ws/build/herding_v1_package/build --no-deps install_data
