[0.613s] Invoking command in '/home/wyatt/ros2_ws/src/herding_v1_package': PYTHONPATH=/home/wyatt/ros2_ws/build/herding_v1_package/prefix_override:/home/wyatt/ros2_ws/install/herding_v1_package/lib/python3.10/site-packages:${PYTHONPATH} /usr/bin/python3 setup.py egg_info --egg-base ../../build/herding_v1_package build --build-base /home/wyatt/ros2_ws/build/herding_v1_package/build install --record /home/wyatt/ros2_ws/build/herding_v1_package/install.log --single-version-externally-managed
[0.807s] running egg_info
[0.807s] creating ../../build/herding_v1_package/herding_v1_package.egg-info
[0.808s] writing ../../build/herding_v1_package/herding_v1_package.egg-info/PKG-INFO
[0.808s] writing dependency_links to ../../build/herding_v1_package/herding_v1_package.egg-info/dependency_links.txt
[0.809s] writing entry points to ../../build/herding_v1_package/herding_v1_package.egg-info/entry_points.txt
[0.809s] writing requirements to ../../build/herding_v1_package/herding_v1_package.egg-info/requires.txt
[0.809s] writing top-level names to ../../build/herding_v1_package/herding_v1_package.egg-info/top_level.txt
[0.810s] writing manifest file '../../build/herding_v1_package/herding_v1_package.egg-info/SOURCES.txt'
[0.811s] reading manifest file '../../build/herding_v1_package/herding_v1_package.egg-info/SOURCES.txt'
[0.811s] writing manifest file '../../build/herding_v1_package/herding_v1_package.egg-info/SOURCES.txt'
[0.812s] running build
[0.812s] running build_py
[0.812s] creating /home/wyatt/ros2_ws/build/herding_v1_package/build
[0.812s] creating /home/wyatt/ros2_ws/build/herding_v1_package/build/lib
[0.813s] creating /home/wyatt/ros2_ws/build/herding_v1_package/build/lib/herding_v1_package
[0.813s] copying herding_v1_package/results.py -> /home/wyatt/ros2_ws/build/herding_v1_package/build/lib/herding_v1_package
[0.813s] copying herding_v1_package/herding_node.py -> /home/wyatt/ros2_ws/build/herding_v1_package/build/lib/herding_v1_package
[0.813s] copying herding_v1_package/__init__.py -> /home/wyatt/ros2_ws/build/herding_v1_package/build/lib/herding_v1_package
[0.813s] copying herding_v1_package/main.py -> /home/wyatt/ros2_ws/build/herding_v1_package/build/lib/herding_v1_package
[0.813s] copying herding_v1_package/simulation.py -> /home/wyatt/ros2_ws/build/herding_v1_package/build/lib/herding_v1_package
[0.813s] running install
[0.816s] /usr/lib/python3/dist-packages/setuptools/command/install.py:34: SetuptoolsDeprecationWarning: setup.py install is deprecated. Use build and pip and other standards-based tools.
[0.816s]   warnings.warn(
[0.816s] running install_lib
[0.816s] creating /home/wyatt/ros2_ws/install/herding_v1_package/lib/python3.10/site-packages/herding_v1_package
[0.816s] copying /home/wyatt/ros2_ws/build/herding_v1_package/build/lib/herding_v1_package/results.py -> /home/wyatt/ros2_ws/install/herding_v1_package/lib/python3.10/site-packages/herding_v1_package
[0.817s] copying /home/wyatt/ros2_ws/build/herding_v1_package/build/lib/herding_v1_package/herding_node.py -> /home/wyatt/ros2_ws/install/herding_v1_package/lib/python3.10/site-packages/herding_v1_package
[0.817s] copying /home/wyatt/ros2_ws/build/herding_v1_package/build/lib/herding_v1_package/__init__.py -> /home/wyatt/ros2_ws/install/herding_v1_package/lib/python3.10/site-packages/herding_v1_package
[0.817s] copying /home/wyatt/ros2_ws/build/herding_v1_package/build/lib/herding_v1_package/main.py -> /home/wyatt/ros2_ws/install/herding_v1_package/lib/python3.10/site-packages/herding_v1_package
[0.818s] copying /home/wyatt/ros2_ws/build/herding_v1_package/build/lib/herding_v1_package/simulation.py -> /home/wyatt/ros2_ws/install/herding_v1_package/lib/python3.10/site-packages/herding_v1_package
[0.818s] byte-compiling /home/wyatt/ros2_ws/install/herding_v1_package/lib/python3.10/site-packages/herding_v1_package/results.py to results.cpython-310.pyc
[0.819s] byte-compiling /home/wyatt/ros2_ws/install/herding_v1_package/lib/python3.10/site-packages/herding_v1_package/herding_node.py to herding_node.cpython-310.pyc
[0.819s] byte-compiling /home/wyatt/ros2_ws/install/herding_v1_package/lib/python3.10/site-packages/herding_v1_package/__init__.py to __init__.cpython-310.pyc
[0.819s] byte-compiling /home/wyatt/ros2_ws/install/herding_v1_package/lib/python3.10/site-packages/herding_v1_package/main.py to main.cpython-310.pyc
[0.820s] byte-compiling /home/wyatt/ros2_ws/install/herding_v1_package/lib/python3.10/site-packages/herding_v1_package/simulation.py to simulation.cpython-310.pyc
[0.820s] running install_data
[0.822s] creating /home/wyatt/ros2_ws/install/herding_v1_package/share/ament_index
[0.822s] creating /home/wyatt/ros2_ws/install/herding_v1_package/share/ament_index/resource_index
[0.822s] creating /home/wyatt/ros2_ws/install/herding_v1_package/share/ament_index/resource_index/packages
[0.822s] copying resource/herding_v1_package -> /home/wyatt/ros2_ws/install/herding_v1_package/share/ament_index/resource_index/packages
[0.822s] copying package.xml -> /home/wyatt/ros2_ws/install/herding_v1_package/share/herding_v1_package
[0.822s] running install_egg_info
[0.824s] Copying ../../build/herding_v1_package/herding_v1_package.egg-info to /home/wyatt/ros2_ws/install/herding_v1_package/lib/python3.10/site-packages/herding_v1_package-0.0.0-py3.10.egg-info
[0.825s] running install_scripts
[0.848s] Installing herding_node script to /home/wyatt/ros2_ws/install/herding_v1_package/lib/herding_v1_package
[0.849s] writing list of installed files to '/home/wyatt/ros2_ws/build/herding_v1_package/install.log'
[0.891s] Invoked command in '/home/wyatt/ros2_ws/src/herding_v1_package' returned '0': PYTHONPATH=/home/wyatt/ros2_ws/build/herding_v1_package/prefix_override:/home/wyatt/ros2_ws/install/herding_v1_package/lib/python3.10/site-packages:${PYTHONPATH} /usr/bin/python3 setup.py egg_info --egg-base ../../build/herding_v1_package build --build-base /home/wyatt/ros2_ws/build/herding_v1_package/build install --record /home/wyatt/ros2_ws/build/herding_v1_package/install.log --single-version-externally-managed
